<?xml version="1.0" encoding="UTF-8"?>
<!-- Generated by org.testng.reporters.JUnitXMLReporter -->
<testsuite hostname="LAP-TZD-0X73500" name="Test" tests="1" failures="0" timestamp="14 Apr 2020 11:49:31 GMT" time="0.023" errors="0">
  <testcase name="@BeforeClass setUpSuite" time="0.0" classname="com.emprix.tests.LoginTest">
    <failure type="java.lang.NullPointerException">
      <![CDATA[java.lang.NullPointerException
	at com.emprix.tests.BaseTest.setUpSuite(BaseTest.java:20)
... Removed 24 stack frames]]>
    </failure>
  </testcase> <!-- @BeforeClass setUpSuite -->
  <testcase name="TC_01" time="0.001" classname="com.emprix.tests.LoginTest">
    <skipped/>
  </testcase> <!-- TC_01 -->
</testsuite> <!-- Test -->
